<?xml version="1.0" encoding="UTF-8"?>
<!-- Generated by org.testng.reporters.JUnitXMLReporter -->
<testsuite hostname="zm-PC" name="Log" tests="4" failures="0" timestamp="22 Sep 2014 03:26:47 GMT" time="61.402" errors="0">
  <testcase name="accountnull" time="13.508" classname="login.Log"/>
  <testcase name="pwdnull" time="11.519" classname="login.Log"/>
  <testcase name="pwderror" time="11.823" classname="login.Log"/>
  <testcase name="logsuccess" time="19.78" classname="login.Log"/>
</testsuite> <!-- Log -->
