<?xml version="1.0" encoding="UTF-8"?>
<!-- Generated by org.testng.reporters.JUnitXMLReporter -->
<testsuite hostname="zm-PC" name="Log" tests="4" failures="1"
	timestamp="29 Sep 2014 06:44:27 GMT" time="83.036" errors="0">
	<testcase name="accountNull" time="35.005" classname="login.Log" />
	<testcase name="pwdNull" time="11.518" classname="login.Log" />
	<testcase name="pwdError" time="12.003" classname="login.Log" />
	<testcase name="logSuccess" time="20.091" classname="login.Log">
		<failure type="junit.framework.AssertionFailedError"
			message="expected:&amp;lt;false&amp;gt; but was:&amp;lt;true&amp;gt;">
      <![CDATA[junit.framework.AssertionFailedError: expected:<false> but was:<true>
	at junit.framework.Assert.fail(Assert.java:50)
	at junit.framework.Assert.failNotEquals(Assert.java:287)
	at junit.framework.Assert.assertEquals(Assert.java:67)
	at junit.framework.Assert.assertEquals(Assert.java:147)
	at junit.framework.Assert.assertEquals(Assert.java:153)
	at login.Log.logSuccess(Log.java:101)
... Removed 24 stack frames]]>
		</failure>
	</testcase> <!-- logSuccess -->
</testsuite> <!-- Log -->
