<?xml version="1.0" encoding="UTF-8"?>
<!-- Generated by org.testng.reporters.JUnitXMLReporter -->
<testsuite hostname="zm-PC" name="Comment" tests="2" failures="0" timestamp="25 Nov 2016 08:49:14 GMT" time="0.182" errors="0">
  <testcase name="@BeforeMethod inialize" time="0.0" classname="comment.Comment">
    <failure type="java.lang.NoClassDefFoundError" message="com/google/gson/JsonParseException">
      <![CDATA[java.lang.NoClassDefFoundError: com/google/gson/JsonParseException
	at org.openqa.selenium.remote.http.JsonHttpCommandCodec.<init>(JsonHttpCommandCodec.java:47)
	at org.openqa.selenium.remote.HttpCommandExecutor.<init>(HttpCommandExecutor.java:93)
	at org.openqa.selenium.remote.HttpCommandExecutor.<init>(HttpCommandExecutor.java:81)
	at org.openqa.selenium.remote.service.DriverCommandExecutor.<init>(DriverCommandExecutor.java:46)
	at org.openqa.selenium.chrome.ChromeDriver.<init>(ChromeDriver.java:171)
	at org.openqa.selenium.chrome.ChromeDriver.<init>(ChromeDriver.java:139)
	at base.Browsers.<init>(Browsers.java:60)
	at comment.Comment.inialize(Comment.java:61)
Caused by: java.lang.ClassNotFoundException: com.google.gson.JsonParseException
	at java.net.URLClassLoader$1.run(Unknown Source)
	at java.net.URLClassLoader$1.run(Unknown Source)
	at java.security.AccessController.doPrivileged(Native Method)
	at java.net.URLClassLoader.findClass(Unknown Source)
	at java.lang.ClassLoader.loadClass(Unknown Source)
	at sun.misc.Launcher$AppClassLoader.loadClass(Unknown Source)
	at java.lang.ClassLoader.loadClass(Unknown Source)
	... 34 more
... Removed 26 stack frames]]>
    </failure>
  </testcase> <!-- @BeforeMethod inialize -->
  <testcase name="@AfterMethod releaseBrowser" time="0.0" classname="comment.Comment">
    <skipped/>
  </testcase> <!-- @AfterMethod releaseBrowser -->
  <testcase name="@BeforeMethod inialize" time="0.0" classname="comment.Comment">
    <skipped/>
  </testcase> <!-- @BeforeMethod inialize -->
  <testcase name="@AfterMethod releaseBrowser" time="0.0" classname="comment.Comment">
    <skipped/>
  </testcase> <!-- @AfterMethod releaseBrowser -->
  <testcase name="commentReply" time="0.001" classname="comment.Comment">
    <skipped/>
  </testcase> <!-- commentReply -->
  <testcase name="commentSensitive" time="0.001" classname="comment.Comment">
    <skipped/>
  </testcase> <!-- commentSensitive -->
</testsuite> <!-- Comment -->
