<?xml version="1.0" encoding="UTF-8"?>
<!-- Generated by org.testng.reporters.JUnitXMLReporter -->
<testsuite hostname="zm-PC" name="Talk" tests="9" failures="2"
	timestamp="29 Sep 2014 09:39:53 GMT" time="369.525" errors="0">
	<testcase name="talkNull" time="32.154" classname="talk.Talk">
		<failure type="junit.framework.AssertionFailedError"
			message="expected:&amp;lt;false&amp;gt; but was:&amp;lt;true&amp;gt;">
      <![CDATA[junit.framework.AssertionFailedError: expected:<false> but was:<true>
	at junit.framework.Assert.fail(Assert.java:50)
	at junit.framework.Assert.failNotEquals(Assert.java:287)
	at junit.framework.Assert.assertEquals(Assert.java:67)
	at junit.framework.Assert.assertEquals(Assert.java:147)
	at junit.framework.Assert.assertEquals(Assert.java:153)
	at talk.Talk.talkNull(Talk.java:78)
... Removed 24 stack frames]]>
		</failure>
	</testcase> <!-- talkNull -->
	<testcase name="talk" time="31.934" classname="talk.Talk" />
	<testcase name="talkTopic" time="32.229" classname="talk.Talk" />
	<testcase name="talkTopicOther" time="32.364" classname="talk.Talk" />
	<testcase name="talkAnonymous" time="32.569" classname="talk.Talk">
		<failure type="junit.framework.ComparisonFailure"
			message="expected:&amp;lt;[zmkyy]&amp;gt; but was:&amp;lt;[匿名]&amp;gt;">
      <![CDATA[junit.framework.ComparisonFailure: expected:<[zmkyy]> but was:<[匿名]>
	at junit.framework.Assert.assertEquals(Assert.java:85)
	at junit.framework.Assert.assertEquals(Assert.java:91)
	at talk.Talk.talkAnonymous(Talk.java:198)
... Removed 24 stack frames]]>
		</failure>
	</testcase> <!-- talkAnonymous -->
	<testcase name="talkFace" time="35.314" classname="talk.Talk" />
	<testcase name="talkPic" time="40.567" classname="talk.Talk" />
	<testcase name="talkPicw" time="41.733" classname="talk.Talk" />
	<testcase name="talkVideo" time="40.783" classname="talk.Talk" />
</testsuite> <!-- Talk -->
