<?xml version="1.0" encoding="UTF-8"?>
<testng-results skipped="0" failed="0" total="1" passed="1">
  <reporter-output>
  </reporter-output>
  <suite name="Default suite" duration-ms="88005" started-at="2014-09-24T05:27:52Z" finished-at="2014-09-24T05:29:20Z">
    <groups>
    </groups>
    <test name="Default test" duration-ms="88005" started-at="2014-09-24T05:27:52Z" finished-at="2014-09-24T05:29:20Z">
      <class name="talk.Talk">
        <test-method status="PASS" signature="inialize()[pri:0, instance:talk.Talk@500bb303]" name="inialize" is-config="true" duration-ms="5807" started-at="2014-09-24T13:27:52Z" finished-at="2014-09-24T13:27:58Z">
          <reporter-output>
          </reporter-output>
        </test-method> <!-- inialize -->
        <test-method status="PASS" signature="talkFace()[pri:0, instance:talk.Talk@500bb303]" name="talkFace" duration-ms="82176" started-at="2014-09-24T13:27:58Z" finished-at="2014-09-24T13:29:20Z">
          <reporter-output>
          </reporter-output>
        </test-method> <!-- talkFace -->
        <test-method status="PASS" signature="releaseBrowser()[pri:0, instance:talk.Talk@500bb303]" name="releaseBrowser" is-config="true" duration-ms="0" started-at="2014-09-24T13:29:20Z" finished-at="2014-09-24T13:29:20Z">
          <reporter-output>
          </reporter-output>
        </test-method> <!-- releaseBrowser -->
      </class> <!-- talk.Talk -->
    </test> <!-- Default test -->
  </suite> <!-- Default suite -->
</testng-results>
